SCHED 0ms: gomaxprocs=4 idleprocs=2 threads=4 spinningthreads=1 idlethreads=0 runqueue=0 gcwaiting=0 nmidlelocked=0 stopwait=0 sysmonwait=0
  P0: status=1 schedtick=0 syscalltick=0 m=0 runqsize=0 gfreecnt=0
  P1: status=1 schedtick=0 syscalltick=0 m=3 runqsize=0 gfreecnt=0
  P2: status=0 schedtick=0 syscalltick=0 m=-1 runqsize=0 gfreecnt=0
  P3: status=0 schedtick=0 syscalltick=0 m=-1 runqsize=0 gfreecnt=0
  M3: p=1 curg=-1 mallocing=0 throwing=0 preemptoff= locks=1 dying=0 spinning=false blocked=false lockedg=-1
  M2: p=-1 curg=-1 mallocing=0 throwing=0 preemptoff= locks=1 dying=0 spinning=false blocked=false lockedg=-1
  M1: p=-1 curg=17 mallocing=0 throwing=0 preemptoff= locks=0 dying=0 spinning=false blocked=false lockedg=17
  M0: p=0 curg=-1 mallocing=0 throwing=0 preemptoff= locks=1 dying=0 spinning=false blocked=false lockedg=1
  G1: status=1() m=-1 lockedm=0
  G17: status=6() m=1 lockedm=1
  G2: status=1() m=-1 lockedm=-1
SCHED 1008ms: gomaxprocs=4 idleprocs=4 threads=7 spinningthreads=0 idlethreads=1 runqueue=0 gcwaiting=0 nmidlelocked=0 stopwait=0 sysmonwait=0
  P0: status=0 schedtick=12 syscalltick=29 m=-1 runqsize=0 gfreecnt=0
  P1: status=0 schedtick=17 syscalltick=33 m=-1 runqsize=0 gfreecnt=2
  P2: status=0 schedtick=16 syscalltick=11 m=-1 runqsize=0 gfreecnt=0
  P3: status=0 schedtick=0 syscalltick=0 m=-1 runqsize=0 gfreecnt=0
  M6: p=-1 curg=-1 mallocing=0 throwing=0 preemptoff= locks=0 dying=0 spinning=false blocked=true lockedg=-1
  M5: p=-1 curg=-1 mallocing=0 throwing=0 preemptoff= locks=0 dying=0 spinning=false blocked=true lockedg=-1
  M4: p=-1 curg=3 mallocing=0 throwing=0 preemptoff= locks=0 dying=0 spinning=false blocked=true lockedg=-1
  M3: p=-1 curg=36 mallocing=0 throwing=0 preemptoff= locks=0 dying=0 spinning=false blocked=true lockedg=-1
  M2: p=-1 curg=-1 mallocing=0 throwing=0 preemptoff= locks=1 dying=0 spinning=false blocked=false lockedg=-1
  M1: p=-1 curg=17 mallocing=0 throwing=0 preemptoff= locks=0 dying=0 spinning=false blocked=false lockedg=17
  M0: p=-1 curg=-1 mallocing=0 throwing=0 preemptoff= locks=0 dying=0 spinning=false blocked=false lockedg=-1
  G1: status=4(sleep) m=-1 lockedm=-1
  G17: status=6() m=1 lockedm=1
  G2: status=4(force gc (idle)) m=-1 lockedm=-1
  G18: status=4(GC sweep wait) m=-1 lockedm=-1
  G34: status=4(finalizer wait) m=-1 lockedm=-1
  G36: status=3() m=3 lockedm=-1
  G3: status=3() m=4 lockedm=-1
  G19: status=4(IO wait) m=-1 lockedm=-1
  G20: status=6() m=-1 lockedm=-1
  G21: status=6() m=-1 lockedm=-1
SCHED 2010ms: gomaxprocs=4 idleprocs=4 threads=7 spinningthreads=0 idlethreads=1 runqueue=0 gcwaiting=0 nmidlelocked=0 stopwait=0 sysmonwait=0
  P0: status=0 schedtick=12 syscalltick=29 m=-1 runqsize=0 gfreecnt=0
  P1: status=0 schedtick=17 syscalltick=33 m=-1 runqsize=0 gfreecnt=2
  P2: status=0 schedtick=16 syscalltick=11 m=-1 runqsize=0 gfreecnt=0
  P3: status=0 schedtick=0 syscalltick=0 m=-1 runqsize=0 gfreecnt=0
  M6: p=-1 curg=-1 mallocing=0 throwing=0 preemptoff= locks=0 dying=0 spinning=false blocked=true lockedg=-1
  M5: p=-1 curg=-1 mallocing=0 throwing=0 preemptoff= locks=0 dying=0 spinning=false blocked=true lockedg=-1
  M4: p=-1 curg=3 mallocing=0 throwing=0 preemptoff= locks=0 dying=0 spinning=false blocked=true lockedg=-1
  M3: p=-1 curg=36 mallocing=0 throwing=0 preemptoff= locks=0 dying=0 spinning=false blocked=true lockedg=-1
  M2: p=-1 curg=-1 mallocing=0 throwing=0 preemptoff= locks=1 dying=0 spinning=false blocked=false lockedg=-1
  M1: p=-1 curg=17 mallocing=0 throwing=0 preemptoff= locks=0 dying=0 spinning=false blocked=false lockedg=17
  M0: p=-1 curg=-1 mallocing=0 throwing=0 preemptoff= locks=0 dying=0 spinning=false blocked=false lockedg=-1
  G1: status=4(sleep) m=-1 lockedm=-1
  G17: status=6() m=1 lockedm=1
  G2: status=4(force gc (idle)) m=-1 lockedm=-1
  G18: status=4(GC sweep wait) m=-1 lockedm=-1
  G34: status=4(finalizer wait) m=-1 lockedm=-1
  G36: status=3() m=3 lockedm=-1
  G3: status=3() m=4 lockedm=-1
  G19: status=4(IO wait) m=-1 lockedm=-1
  G20: status=6() m=-1 lockedm=-1
  G21: status=6() m=-1 lockedm=-1
SCHED 3018ms: gomaxprocs=4 idleprocs=4 threads=7 spinningthreads=0 idlethreads=1 runqueue=0 gcwaiting=0 nmidlelocked=0 stopwait=0 sysmonwait=0
  P0: status=0 schedtick=12 syscalltick=29 m=-1 runqsize=0 gfreecnt=0
  P1: status=0 schedtick=17 syscalltick=33 m=-1 runqsize=0 gfreecnt=2
  P2: status=0 schedtick=16 syscalltick=11 m=-1 runqsize=0 gfreecnt=0
  P3: status=0 schedtick=0 syscalltick=0 m=-1 runqsize=0 gfreecnt=0
  M6: p=-1 curg=-1 mallocing=0 throwing=0 preemptoff= locks=0 dying=0 spinning=false blocked=true lockedg=-1
  M5: p=-1 curg=-1 mallocing=0 throwing=0 preemptoff= locks=0 dying=0 spinning=false blocked=true lockedg=-1
  M4: p=-1 curg=3 mallocing=0 throwing=0 preemptoff= locks=0 dying=0 spinning=false blocked=true lockedg=-1
  M3: p=-1 curg=36 mallocing=0 throwing=0 preemptoff= locks=0 dying=0 spinning=false blocked=true lockedg=-1
  M2: p=-1 curg=-1 mallocing=0 throwing=0 preemptoff= locks=1 dying=0 spinning=false blocked=false lockedg=-1
  M1: p=-1 curg=17 mallocing=0 throwing=0 preemptoff= locks=0 dying=0 spinning=false blocked=false lockedg=17
  M0: p=-1 curg=-1 mallocing=0 throwing=0 preemptoff= locks=0 dying=0 spinning=false blocked=false lockedg=-1
  G1: status=4(sleep) m=-1 lockedm=-1
  G17: status=6() m=1 lockedm=1
  G2: status=4(force gc (idle)) m=-1 lockedm=-1
  G18: status=4(GC sweep wait) m=-1 lockedm=-1
  G34: status=4(finalizer wait) m=-1 lockedm=-1
  G36: status=3() m=3 lockedm=-1
  G3: status=3() m=4 lockedm=-1
  G19: status=4(IO wait) m=-1 lockedm=-1
  G20: status=6() m=-1 lockedm=-1
  G21: status=6() m=-1 lockedm=-1
SCHED 4018ms: gomaxprocs=4 idleprocs=4 threads=7 spinningthreads=0 idlethreads=1 runqueue=0 gcwaiting=0 nmidlelocked=0 stopwait=0 sysmonwait=0
  P0: status=0 schedtick=12 syscalltick=29 m=-1 runqsize=0 gfreecnt=0
  P1: status=0 schedtick=17 syscalltick=33 m=-1 runqsize=0 gfreecnt=2
  P2: status=0 schedtick=16 syscalltick=11 m=-1 runqsize=0 gfreecnt=0
  P3: status=0 schedtick=0 syscalltick=0 m=-1 runqsize=0 gfreecnt=0
  M6: p=-1 curg=-1 mallocing=0 throwing=0 preemptoff= locks=0 dying=0 spinning=false blocked=true lockedg=-1
  M5: p=-1 curg=-1 mallocing=0 throwing=0 preemptoff= locks=0 dying=0 spinning=false blocked=true lockedg=-1
  M4: p=-1 curg=3 mallocing=0 throwing=0 preemptoff= locks=0 dying=0 spinning=false blocked=true lockedg=-1
  M3: p=-1 curg=36 mallocing=0 throwing=0 preemptoff= locks=0 dying=0 spinning=false blocked=true lockedg=-1
  M2: p=-1 curg=-1 mallocing=0 throwing=0 preemptoff= locks=1 dying=0 spinning=false blocked=false lockedg=-1
  M1: p=-1 curg=17 mallocing=0 throwing=0 preemptoff= locks=0 dying=0 spinning=false blocked=false lockedg=17
  M0: p=-1 curg=-1 mallocing=0 throwing=0 preemptoff= locks=0 dying=0 spinning=false blocked=false lockedg=-1
  G1: status=4(sleep) m=-1 lockedm=-1
  G17: status=6() m=1 lockedm=1
  G2: status=4(force gc (idle)) m=-1 lockedm=-1
  G18: status=4(GC sweep wait) m=-1 lockedm=-1
  G34: status=4(finalizer wait) m=-1 lockedm=-1
  G36: status=3() m=3 lockedm=-1
  G3: status=3() m=4 lockedm=-1
  G19: status=4(IO wait) m=-1 lockedm=-1
  G20: status=6() m=-1 lockedm=-1
  G21: status=6() m=-1 lockedm=-1
SCHED 5018ms: gomaxprocs=4 idleprocs=4 threads=7 spinningthreads=0 idlethreads=1 runqueue=0 gcwaiting=0 nmidlelocked=0 stopwait=0 sysmonwait=0
  P0: status=0 schedtick=12 syscalltick=29 m=-1 runqsize=0 gfreecnt=0
  P1: status=0 schedtick=17 syscalltick=33 m=-1 runqsize=0 gfreecnt=2
  P2: status=0 schedtick=16 syscalltick=11 m=-1 runqsize=0 gfreecnt=0
  P3: status=0 schedtick=0 syscalltick=0 m=-1 runqsize=0 gfreecnt=0
  M6: p=-1 curg=-1 mallocing=0 throwing=0 preemptoff= locks=0 dying=0 spinning=false blocked=true lockedg=-1
  M5: p=-1 curg=-1 mallocing=0 throwing=0 preemptoff= locks=0 dying=0 spinning=false blocked=true lockedg=-1
  M4: p=-1 curg=3 mallocing=0 throwing=0 preemptoff= locks=0 dying=0 spinning=false blocked=true lockedg=-1
  M3: p=-1 curg=36 mallocing=0 throwing=0 preemptoff= locks=0 dying=0 spinning=false blocked=true lockedg=-1
  M2: p=-1 curg=-1 mallocing=0 throwing=0 preemptoff= locks=1 dying=0 spinning=false blocked=false lockedg=-1
  M1: p=-1 curg=17 mallocing=0 throwing=0 preemptoff= locks=0 dying=0 spinning=false blocked=false lockedg=17
  M0: p=-1 curg=-1 mallocing=0 throwing=0 preemptoff= locks=0 dying=0 spinning=false blocked=false lockedg=-1
  G1: status=4(sleep) m=-1 lockedm=-1
  G17: status=6() m=1 lockedm=1
  G2: status=4(force gc (idle)) m=-1 lockedm=-1
  G18: status=4(GC sweep wait) m=-1 lockedm=-1
  G34: status=4(finalizer wait) m=-1 lockedm=-1
  G36: status=3() m=3 lockedm=-1
  G3: status=3() m=4 lockedm=-1
  G19: status=4(IO wait) m=-1 lockedm=-1
  G20: status=6() m=-1 lockedm=-1
  G21: status=6() m=-1 lockedm=-1
SCHED 6023ms: gomaxprocs=4 idleprocs=4 threads=7 spinningthreads=0 idlethreads=1 runqueue=0 gcwaiting=0 nmidlelocked=0 stopwait=0 sysmonwait=0
  P0: status=0 schedtick=12 syscalltick=29 m=-1 runqsize=0 gfreecnt=0
  P1: status=0 schedtick=17 syscalltick=33 m=-1 runqsize=0 gfreecnt=2
  P2: status=0 schedtick=16 syscalltick=11 m=-1 runqsize=0 gfreecnt=0
  P3: status=0 schedtick=0 syscalltick=0 m=-1 runqsize=0 gfreecnt=0
  M6: p=-1 curg=-1 mallocing=0 throwing=0 preemptoff= locks=0 dying=0 spinning=false blocked=true lockedg=-1
  M5: p=-1 curg=-1 mallocing=0 throwing=0 preemptoff= locks=0 dying=0 spinning=false blocked=true lockedg=-1
  M4: p=-1 curg=3 mallocing=0 throwing=0 preemptoff= locks=0 dying=0 spinning=false blocked=true lockedg=-1
  M3: p=-1 curg=36 mallocing=0 throwing=0 preemptoff= locks=0 dying=0 spinning=false blocked=true lockedg=-1
  M2: p=-1 curg=-1 mallocing=0 throwing=0 preemptoff= locks=1 dying=0 spinning=false blocked=false lockedg=-1
  M1: p=-1 curg=17 mallocing=0 throwing=0 preemptoff= locks=0 dying=0 spinning=false blocked=false lockedg=17
  M0: p=-1 curg=-1 mallocing=0 throwing=0 preemptoff= locks=0 dying=0 spinning=false blocked=false lockedg=-1
  G1: status=4(sleep) m=-1 lockedm=-1
  G17: status=6() m=1 lockedm=1
  G2: status=4(force gc (idle)) m=-1 lockedm=-1
  G18: status=4(GC sweep wait) m=-1 lockedm=-1
  G34: status=4(finalizer wait) m=-1 lockedm=-1
  G36: status=3() m=3 lockedm=-1
  G3: status=3() m=4 lockedm=-1
  G19: status=4(IO wait) m=-1 lockedm=-1
  G20: status=6() m=-1 lockedm=-1
  G21: status=6() m=-1 lockedm=-1
SCHED 7035ms: gomaxprocs=4 idleprocs=4 threads=7 spinningthreads=0 idlethreads=1 runqueue=0 gcwaiting=0 nmidlelocked=0 stopwait=0 sysmonwait=0
  P0: status=0 schedtick=12 syscalltick=29 m=-1 runqsize=0 gfreecnt=0
  P1: status=0 schedtick=17 syscalltick=33 m=-1 runqsize=0 gfreecnt=2
  P2: status=0 schedtick=16 syscalltick=11 m=-1 runqsize=0 gfreecnt=0
  P3: status=0 schedtick=0 syscalltick=0 m=-1 runqsize=0 gfreecnt=0
  M6: p=-1 curg=-1 mallocing=0 throwing=0 preemptoff= locks=0 dying=0 spinning=false blocked=true lockedg=-1
  M5: p=-1 curg=-1 mallocing=0 throwing=0 preemptoff= locks=0 dying=0 spinning=false blocked=true lockedg=-1
  M4: p=-1 curg=3 mallocing=0 throwing=0 preemptoff= locks=0 dying=0 spinning=false blocked=true lockedg=-1
  M3: p=-1 curg=36 mallocing=0 throwing=0 preemptoff= locks=0 dying=0 spinning=false blocked=true lockedg=-1
  M2: p=-1 curg=-1 mallocing=0 throwing=0 preemptoff= locks=1 dying=0 spinning=false blocked=false lockedg=-1
  M1: p=-1 curg=17 mallocing=0 throwing=0 preemptoff= locks=0 dying=0 spinning=false blocked=false lockedg=17
  M0: p=-1 curg=-1 mallocing=0 throwing=0 preemptoff= locks=0 dying=0 spinning=false blocked=false lockedg=-1
  G1: status=4(sleep) m=-1 lockedm=-1
  G17: status=6() m=1 lockedm=1
  G2: status=4(force gc (idle)) m=-1 lockedm=-1
  G18: status=4(GC sweep wait) m=-1 lockedm=-1
  G34: status=4(finalizer wait) m=-1 lockedm=-1
  G36: status=3() m=3 lockedm=-1
  G3: status=3() m=4 lockedm=-1
  G19: status=4(IO wait) m=-1 lockedm=-1
  G20: status=6() m=-1 lockedm=-1
  G21: status=6() m=-1 lockedm=-1
SCHED 8037ms: gomaxprocs=4 idleprocs=4 threads=7 spinningthreads=0 idlethreads=1 runqueue=0 gcwaiting=0 nmidlelocked=0 stopwait=0 sysmonwait=0
  P0: status=0 schedtick=12 syscalltick=29 m=-1 runqsize=0 gfreecnt=0
  P1: status=0 schedtick=17 syscalltick=33 m=-1 runqsize=0 gfreecnt=2
  P2: status=0 schedtick=16 syscalltick=11 m=-1 runqsize=0 gfreecnt=0
  P3: status=0 schedtick=0 syscalltick=0 m=-1 runqsize=0 gfreecnt=0
  M6: p=-1 curg=-1 mallocing=0 throwing=0 preemptoff= locks=0 dying=0 spinning=false blocked=true lockedg=-1
  M5: p=-1 curg=-1 mallocing=0 throwing=0 preemptoff= locks=0 dying=0 spinning=false blocked=true lockedg=-1
  M4: p=-1 curg=3 mallocing=0 throwing=0 preemptoff= locks=0 dying=0 spinning=false blocked=true lockedg=-1
  M3: p=-1 curg=36 mallocing=0 throwing=0 preemptoff= locks=0 dying=0 spinning=false blocked=true lockedg=-1
  M2: p=-1 curg=-1 mallocing=0 throwing=0 preemptoff= locks=1 dying=0 spinning=false blocked=false lockedg=-1
  M1: p=-1 curg=17 mallocing=0 throwing=0 preemptoff= locks=0 dying=0 spinning=false blocked=false lockedg=17
  M0: p=-1 curg=-1 mallocing=0 throwing=0 preemptoff= locks=0 dying=0 spinning=false blocked=false lockedg=-1
  G1: status=4(sleep) m=-1 lockedm=-1
  G17: status=6() m=1 lockedm=1
  G2: status=4(force gc (idle)) m=-1 lockedm=-1
  G18: status=4(GC sweep wait) m=-1 lockedm=-1
  G34: status=4(finalizer wait) m=-1 lockedm=-1
  G36: status=3() m=3 lockedm=-1
  G3: status=3() m=4 lockedm=-1
  G19: status=4(IO wait) m=-1 lockedm=-1
  G20: status=6() m=-1 lockedm=-1
  G21: status=6() m=-1 lockedm=-1
SCHED 9046ms: gomaxprocs=4 idleprocs=4 threads=7 spinningthreads=0 idlethreads=1 runqueue=0 gcwaiting=0 nmidlelocked=0 stopwait=0 sysmonwait=0
  P0: status=0 schedtick=12 syscalltick=29 m=-1 runqsize=0 gfreecnt=0
  P1: status=0 schedtick=17 syscalltick=33 m=-1 runqsize=0 gfreecnt=2
  P2: status=0 schedtick=16 syscalltick=11 m=-1 runqsize=0 gfreecnt=0
  P3: status=0 schedtick=0 syscalltick=0 m=-1 runqsize=0 gfreecnt=0
  M6: p=-1 curg=-1 mallocing=0 throwing=0 preemptoff= locks=0 dying=0 spinning=false blocked=true lockedg=-1
  M5: p=-1 curg=-1 mallocing=0 throwing=0 preemptoff= locks=0 dying=0 spinning=false blocked=true lockedg=-1
  M4: p=-1 curg=3 mallocing=0 throwing=0 preemptoff= locks=0 dying=0 spinning=false blocked=true lockedg=-1
  M3: p=-1 curg=36 mallocing=0 throwing=0 preemptoff= locks=0 dying=0 spinning=false blocked=true lockedg=-1
  M2: p=-1 curg=-1 mallocing=0 throwing=0 preemptoff= locks=1 dying=0 spinning=false blocked=false lockedg=-1
  M1: p=-1 curg=17 mallocing=0 throwing=0 preemptoff= locks=0 dying=0 spinning=false blocked=false lockedg=17
  M0: p=-1 curg=-1 mallocing=0 throwing=0 preemptoff= locks=0 dying=0 spinning=false blocked=false lockedg=-1
  G1: status=4(sleep) m=-1 lockedm=-1
  G17: status=6() m=1 lockedm=1
  G2: status=4(force gc (idle)) m=-1 lockedm=-1
  G18: status=4(GC sweep wait) m=-1 lockedm=-1
  G34: status=4(finalizer wait) m=-1 lockedm=-1
  G36: status=3() m=3 lockedm=-1
  G3: status=3() m=4 lockedm=-1
  G19: status=4(IO wait) m=-1 lockedm=-1
  G20: status=6() m=-1 lockedm=-1
  G21: status=6() m=-1 lockedm=-1
SCHED 10053ms: gomaxprocs=4 idleprocs=4 threads=10 spinningthreads=0 idlethreads=4 runqueue=0 gcwaiting=0 nmidlelocked=0 stopwait=0 sysmonwait=0
  P0: status=0 schedtick=14 syscalltick=58 m=-1 runqsize=0 gfreecnt=2
  P1: status=0 schedtick=18 syscalltick=35 m=-1 runqsize=0 gfreecnt=0
  P2: status=0 schedtick=18 syscalltick=11 m=-1 runqsize=0 gfreecnt=0
  P3: status=0 schedtick=1 syscalltick=7 m=-1 runqsize=0 gfreecnt=0
  M9: p=-1 curg=-1 mallocing=0 throwing=0 preemptoff= locks=0 dying=0 spinning=false blocked=true lockedg=-1
  M8: p=-1 curg=-1 mallocing=0 throwing=0 preemptoff= locks=0 dying=0 spinning=false blocked=true lockedg=-1
  M7: p=-1 curg=-1 mallocing=0 throwing=0 preemptoff= locks=0 dying=0 spinning=false blocked=true lockedg=-1
  M6: p=-1 curg=-1 mallocing=0 throwing=0 preemptoff= locks=0 dying=0 spinning=false blocked=true lockedg=-1
  M5: p=-1 curg=-1 mallocing=0 throwing=0 preemptoff= locks=0 dying=0 spinning=false blocked=true lockedg=-1
  M4: p=-1 curg=3 mallocing=0 throwing=0 preemptoff= locks=0 dying=0 spinning=false blocked=true lockedg=-1
  M3: p=-1 curg=25 mallocing=0 throwing=0 preemptoff= locks=0 dying=0 spinning=false blocked=true lockedg=-1
  M2: p=-1 curg=-1 mallocing=0 throwing=0 preemptoff= locks=1 dying=0 spinning=false blocked=false lockedg=-1
  M1: p=-1 curg=17 mallocing=0 throwing=0 preemptoff= locks=0 dying=0 spinning=false blocked=false lockedg=17
  M0: p=-1 curg=-1 mallocing=0 throwing=0 preemptoff= locks=0 dying=0 spinning=false blocked=false lockedg=-1
  G1: status=4(sleep) m=-1 lockedm=-1
  G17: status=6() m=1 lockedm=1
  G2: status=4(force gc (idle)) m=-1 lockedm=-1
  G18: status=4(GC sweep wait) m=-1 lockedm=-1
  G34: status=4(finalizer wait) m=-1 lockedm=-1
  G36: status=4(timer goroutine (idle)) m=-1 lockedm=-1
  G3: status=3() m=4 lockedm=-1
  G19: status=4(IO wait) m=-1 lockedm=-1
  G22: status=4(select) m=-1 lockedm=-1
  G23: status=4(chan receive) m=-1 lockedm=-1
  G24: status=4(select) m=-1 lockedm=-1
  G25: status=3() m=3 lockedm=-1
  G6: status=6() m=-1 lockedm=-1
  G7: status=6() m=-1 lockedm=-1
SCHED 11057ms: gomaxprocs=4 idleprocs=4 threads=10 spinningthreads=0 idlethreads=4 runqueue=0 gcwaiting=0 nmidlelocked=0 stopwait=0 sysmonwait=0
  P0: status=0 schedtick=14 syscalltick=62 m=-1 runqsize=0 gfreecnt=2
  P1: status=0 schedtick=18 syscalltick=35 m=-1 runqsize=0 gfreecnt=0
  P2: status=0 schedtick=18 syscalltick=14 m=-1 runqsize=0 gfreecnt=0
  P3: status=0 schedtick=3 syscalltick=14 m=-1 runqsize=0 gfreecnt=0
  M9: p=-1 curg=-1 mallocing=0 throwing=0 preemptoff= locks=0 dying=0 spinning=false blocked=true lockedg=-1
  M8: p=-1 curg=-1 mallocing=0 throwing=0 preemptoff= locks=0 dying=0 spinning=false blocked=true lockedg=-1
  M7: p=-1 curg=-1 mallocing=0 throwing=0 preemptoff= locks=0 dying=0 spinning=false blocked=true lockedg=-1
  M6: p=-1 curg=-1 mallocing=0 throwing=0 preemptoff= locks=0 dying=0 spinning=false blocked=true lockedg=-1
  M5: p=-1 curg=-1 mallocing=0 throwing=0 preemptoff= locks=0 dying=0 spinning=false blocked=false lockedg=-1
  M4: p=-1 curg=3 mallocing=0 throwing=0 preemptoff= locks=0 dying=0 spinning=false blocked=true lockedg=-1
  M3: p=-1 curg=25 mallocing=0 throwing=0 preemptoff= locks=0 dying=0 spinning=false blocked=true lockedg=-1
  M2: p=-1 curg=-1 mallocing=0 throwing=0 preemptoff= locks=1 dying=0 spinning=false blocked=false lockedg=-1
  M1: p=-1 curg=17 mallocing=0 throwing=0 preemptoff= locks=0 dying=0 spinning=false blocked=false lockedg=17
  M0: p=-1 curg=-1 mallocing=0 throwing=0 preemptoff= locks=0 dying=0 spinning=false blocked=true lockedg=-1
  G1: status=4(sleep) m=-1 lockedm=-1
  G17: status=6() m=1 lockedm=1
  G2: status=4(force gc (idle)) m=-1 lockedm=-1
  G18: status=4(GC sweep wait) m=-1 lockedm=-1
  G34: status=4(finalizer wait) m=-1 lockedm=-1
  G36: status=4(timer goroutine (idle)) m=-1 lockedm=-1
  G3: status=3() m=4 lockedm=-1
  G19: status=4(IO wait) m=-1 lockedm=-1
  G22: status=4(select) m=-1 lockedm=-1
  G23: status=4(chan receive) m=-1 lockedm=-1
  G24: status=4(select) m=-1 lockedm=-1
  G25: status=3() m=3 lockedm=-1
  G6: status=6() m=-1 lockedm=-1
  G7: status=6() m=-1 lockedm=-1
SCHED 12065ms: gomaxprocs=4 idleprocs=4 threads=10 spinningthreads=0 idlethreads=4 runqueue=0 gcwaiting=0 nmidlelocked=0 stopwait=0 sysmonwait=0
  P0: status=0 schedtick=14 syscalltick=62 m=-1 runqsize=0 gfreecnt=2
  P1: status=0 schedtick=18 syscalltick=35 m=-1 runqsize=0 gfreecnt=0
  P2: status=0 schedtick=18 syscalltick=14 m=-1 runqsize=0 gfreecnt=0
  P3: status=0 schedtick=3 syscalltick=18 m=-1 runqsize=0 gfreecnt=0
  M9: p=-1 curg=-1 mallocing=0 throwing=0 preemptoff= locks=0 dying=0 spinning=false blocked=true lockedg=-1
  M8: p=-1 curg=-1 mallocing=0 throwing=0 preemptoff= locks=0 dying=0 spinning=false blocked=true lockedg=-1
  M7: p=-1 curg=-1 mallocing=0 throwing=0 preemptoff= locks=0 dying=0 spinning=false blocked=true lockedg=-1
  M6: p=-1 curg=-1 mallocing=0 throwing=0 preemptoff= locks=0 dying=0 spinning=false blocked=true lockedg=-1
  M5: p=-1 curg=-1 mallocing=0 throwing=0 preemptoff= locks=0 dying=0 spinning=false blocked=false lockedg=-1
  M4: p=-1 curg=3 mallocing=0 throwing=0 preemptoff= locks=0 dying=0 spinning=false blocked=true lockedg=-1
  M3: p=-1 curg=25 mallocing=0 throwing=0 preemptoff= locks=0 dying=0 spinning=false blocked=true lockedg=-1
  M2: p=-1 curg=-1 mallocing=0 throwing=0 preemptoff= locks=1 dying=0 spinning=false blocked=false lockedg=-1
  M1: p=-1 curg=17 mallocing=0 throwing=0 preemptoff= locks=0 dying=0 spinning=false blocked=false lockedg=17
  M0: p=-1 curg=-1 mallocing=0 throwing=0 preemptoff= locks=0 dying=0 spinning=false blocked=true lockedg=-1
  G1: status=4(sleep) m=-1 lockedm=-1
  G17: status=6() m=1 lockedm=1
  G2: status=4(force gc (idle)) m=-1 lockedm=-1
  G18: status=4(GC sweep wait) m=-1 lockedm=-1
  G34: status=4(finalizer wait) m=-1 lockedm=-1
  G36: status=4(timer goroutine (idle)) m=-1 lockedm=-1
  G3: status=3() m=4 lockedm=-1
  G19: status=4(IO wait) m=-1 lockedm=-1
  G22: status=4(select) m=-1 lockedm=-1
  G23: status=4(chan receive) m=-1 lockedm=-1
  G24: status=4(select) m=-1 lockedm=-1
  G25: status=3() m=3 lockedm=-1
  G6: status=6() m=-1 lockedm=-1
  G7: status=6() m=-1 lockedm=-1
SCHED 13068ms: gomaxprocs=4 idleprocs=4 threads=10 spinningthreads=0 idlethreads=4 runqueue=0 gcwaiting=0 nmidlelocked=0 stopwait=0 sysmonwait=0
  P0: status=0 schedtick=14 syscalltick=62 m=-1 runqsize=0 gfreecnt=2
  P1: status=0 schedtick=18 syscalltick=35 m=-1 runqsize=0 gfreecnt=0
  P2: status=0 schedtick=18 syscalltick=14 m=-1 runqsize=0 gfreecnt=0
  P3: status=0 schedtick=3 syscalltick=22 m=-1 runqsize=0 gfreecnt=0
  M9: p=-1 curg=-1 mallocing=0 throwing=0 preemptoff= locks=0 dying=0 spinning=false blocked=true lockedg=-1
  M8: p=-1 curg=-1 mallocing=0 throwing=0 preemptoff= locks=0 dying=0 spinning=false blocked=true lockedg=-1
  M7: p=-1 curg=-1 mallocing=0 throwing=0 preemptoff= locks=0 dying=0 spinning=false blocked=true lockedg=-1
  M6: p=-1 curg=-1 mallocing=0 throwing=0 preemptoff= locks=0 dying=0 spinning=false blocked=true lockedg=-1
  M5: p=-1 curg=-1 mallocing=0 throwing=0 preemptoff= locks=0 dying=0 spinning=false blocked=false lockedg=-1
  M4: p=-1 curg=3 mallocing=0 throwing=0 preemptoff= locks=0 dying=0 spinning=false blocked=true lockedg=-1
  M3: p=-1 curg=25 mallocing=0 throwing=0 preemptoff= locks=0 dying=0 spinning=false blocked=true lockedg=-1
  M2: p=-1 curg=-1 mallocing=0 throwing=0 preemptoff= locks=1 dying=0 spinning=false blocked=false lockedg=-1
  M1: p=-1 curg=17 mallocing=0 throwing=0 preemptoff= locks=0 dying=0 spinning=false blocked=false lockedg=17
  M0: p=-1 curg=-1 mallocing=0 throwing=0 preemptoff= locks=0 dying=0 spinning=false blocked=true lockedg=-1
  G1: status=4(sleep) m=-1 lockedm=-1
  G17: status=6() m=1 lockedm=1
  G2: status=4(force gc (idle)) m=-1 lockedm=-1
  G18: status=4(GC sweep wait) m=-1 lockedm=-1
  G34: status=4(finalizer wait) m=-1 lockedm=-1
  G36: status=4(timer goroutine (idle)) m=-1 lockedm=-1
  G3: status=3() m=4 lockedm=-1
  G19: status=4(IO wait) m=-1 lockedm=-1
  G22: status=4(select) m=-1 lockedm=-1
  G23: status=4(chan receive) m=-1 lockedm=-1
  G24: status=4(select) m=-1 lockedm=-1
  G25: status=3() m=3 lockedm=-1
  G6: status=6() m=-1 lockedm=-1
  G7: status=6() m=-1 lockedm=-1
SCHED 14068ms: gomaxprocs=4 idleprocs=4 threads=10 spinningthreads=0 idlethreads=4 runqueue=0 gcwaiting=0 nmidlelocked=0 stopwait=0 sysmonwait=0
  P0: status=0 schedtick=14 syscalltick=62 m=-1 runqsize=0 gfreecnt=2
  P1: status=0 schedtick=18 syscalltick=35 m=-1 runqsize=0 gfreecnt=0
  P2: status=0 schedtick=18 syscalltick=14 m=-1 runqsize=0 gfreecnt=0
  P3: status=0 schedtick=3 syscalltick=26 m=-1 runqsize=0 gfreecnt=0
  M9: p=-1 curg=-1 mallocing=0 throwing=0 preemptoff= locks=0 dying=0 spinning=false blocked=true lockedg=-1
  M8: p=-1 curg=-1 mallocing=0 throwing=0 preemptoff= locks=0 dying=0 spinning=false blocked=true lockedg=-1
  M7: p=-1 curg=-1 mallocing=0 throwing=0 preemptoff= locks=0 dying=0 spinning=false blocked=true lockedg=-1
  M6: p=-1 curg=-1 mallocing=0 throwing=0 preemptoff= locks=0 dying=0 spinning=false blocked=true lockedg=-1
  M5: p=-1 curg=-1 mallocing=0 throwing=0 preemptoff= locks=0 dying=0 spinning=false blocked=false lockedg=-1
  M4: p=-1 curg=3 mallocing=0 throwing=0 preemptoff= locks=0 dying=0 spinning=false blocked=true lockedg=-1
  M3: p=-1 curg=25 mallocing=0 throwing=0 preemptoff= locks=0 dying=0 spinning=false blocked=true lockedg=-1
  M2: p=-1 curg=-1 mallocing=0 throwing=0 preemptoff= locks=1 dying=0 spinning=false blocked=false lockedg=-1
  M1: p=-1 curg=17 mallocing=0 throwing=0 preemptoff= locks=0 dying=0 spinning=false blocked=false lockedg=17
  M0: p=-1 curg=-1 mallocing=0 throwing=0 preemptoff= locks=0 dying=0 spinning=false blocked=true lockedg=-1
  G1: status=4(sleep) m=-1 lockedm=-1
  G17: status=6() m=1 lockedm=1
  G2: status=4(force gc (idle)) m=-1 lockedm=-1
  G18: status=4(GC sweep wait) m=-1 lockedm=-1
  G34: status=4(finalizer wait) m=-1 lockedm=-1
  G36: status=4(timer goroutine (idle)) m=-1 lockedm=-1
  G3: status=3() m=4 lockedm=-1
  G19: status=4(IO wait) m=-1 lockedm=-1
  G22: status=4(select) m=-1 lockedm=-1
  G23: status=4(chan receive) m=-1 lockedm=-1
  G24: status=4(select) m=-1 lockedm=-1
  G25: status=3() m=3 lockedm=-1
  G6: status=6() m=-1 lockedm=-1
  G7: status=6() m=-1 lockedm=-1
SCHED 15077ms: gomaxprocs=4 idleprocs=4 threads=10 spinningthreads=0 idlethreads=4 runqueue=0 gcwaiting=0 nmidlelocked=0 stopwait=0 sysmonwait=0
  P0: status=0 schedtick=14 syscalltick=62 m=-1 runqsize=0 gfreecnt=2
  P1: status=0 schedtick=18 syscalltick=35 m=-1 runqsize=0 gfreecnt=0
  P2: status=0 schedtick=18 syscalltick=14 m=-1 runqsize=0 gfreecnt=0
  P3: status=0 schedtick=3 syscalltick=30 m=-1 runqsize=0 gfreecnt=0
  M9: p=-1 curg=-1 mallocing=0 throwing=0 preemptoff= locks=0 dying=0 spinning=false blocked=true lockedg=-1
  M8: p=-1 curg=-1 mallocing=0 throwing=0 preemptoff= locks=0 dying=0 spinning=false blocked=true lockedg=-1
  M7: p=-1 curg=-1 mallocing=0 throwing=0 preemptoff= locks=0 dying=0 spinning=false blocked=true lockedg=-1
  M6: p=-1 curg=-1 mallocing=0 throwing=0 preemptoff= locks=0 dying=0 spinning=false blocked=true lockedg=-1
  M5: p=-1 curg=-1 mallocing=0 throwing=0 preemptoff= locks=0 dying=0 spinning=false blocked=false lockedg=-1
  M4: p=-1 curg=3 mallocing=0 throwing=0 preemptoff= locks=0 dying=0 spinning=false blocked=true lockedg=-1
  M3: p=-1 curg=25 mallocing=0 throwing=0 preemptoff= locks=0 dying=0 spinning=false blocked=true lockedg=-1
  M2: p=-1 curg=-1 mallocing=0 throwing=0 preemptoff= locks=1 dying=0 spinning=false blocked=false lockedg=-1
  M1: p=-1 curg=17 mallocing=0 throwing=0 preemptoff= locks=0 dying=0 spinning=false blocked=false lockedg=17
  M0: p=-1 curg=-1 mallocing=0 throwing=0 preemptoff= locks=0 dying=0 spinning=false blocked=true lockedg=-1
  G1: status=4(sleep) m=-1 lockedm=-1
  G17: status=6() m=1 lockedm=1
  G2: status=4(force gc (idle)) m=-1 lockedm=-1
  G18: status=4(GC sweep wait) m=-1 lockedm=-1
  G34: status=4(finalizer wait) m=-1 lockedm=-1
  G36: status=4(timer goroutine (idle)) m=-1 lockedm=-1
  G3: status=3() m=4 lockedm=-1
  G19: status=4(IO wait) m=-1 lockedm=-1
  G22: status=4(select) m=-1 lockedm=-1
  G23: status=4(chan receive) m=-1 lockedm=-1
  G24: status=4(select) m=-1 lockedm=-1
  G25: status=3() m=3 lockedm=-1
  G6: status=6() m=-1 lockedm=-1
  G7: status=6() m=-1 lockedm=-1
SCHED 16081ms: gomaxprocs=4 idleprocs=4 threads=10 spinningthreads=0 idlethreads=4 runqueue=0 gcwaiting=0 nmidlelocked=0 stopwait=0 sysmonwait=0
  P0: status=0 schedtick=14 syscalltick=62 m=-1 runqsize=0 gfreecnt=2
  P1: status=0 schedtick=18 syscalltick=35 m=-1 runqsize=0 gfreecnt=0
  P2: status=0 schedtick=18 syscalltick=14 m=-1 runqsize=0 gfreecnt=0
  P3: status=0 schedtick=3 syscalltick=34 m=-1 runqsize=0 gfreecnt=0
  M9: p=-1 curg=-1 mallocing=0 throwing=0 preemptoff= locks=0 dying=0 spinning=false blocked=true lockedg=-1
  M8: p=-1 curg=-1 mallocing=0 throwing=0 preemptoff= locks=0 dying=0 spinning=false blocked=true lockedg=-1
  M7: p=-1 curg=-1 mallocing=0 throwing=0 preemptoff= locks=0 dying=0 spinning=false blocked=true lockedg=-1
  M6: p=-1 curg=-1 mallocing=0 throwing=0 preemptoff= locks=0 dying=0 spinning=false blocked=true lockedg=-1
  M5: p=-1 curg=-1 mallocing=0 throwing=0 preemptoff= locks=0 dying=0 spinning=false blocked=false lockedg=-1
  M4: p=-1 curg=3 mallocing=0 throwing=0 preemptoff= locks=0 dying=0 spinning=false blocked=true lockedg=-1
  M3: p=-1 curg=25 mallocing=0 throwing=0 preemptoff= locks=0 dying=0 spinning=false blocked=true lockedg=-1
  M2: p=-1 curg=-1 mallocing=0 throwing=0 preemptoff= locks=1 dying=0 spinning=false blocked=false lockedg=-1
  M1: p=-1 curg=17 mallocing=0 throwing=0 preemptoff= locks=0 dying=0 spinning=false blocked=false lockedg=17
  M0: p=-1 curg=-1 mallocing=0 throwing=0 preemptoff= locks=0 dying=0 spinning=false blocked=true lockedg=-1
  G1: status=4(sleep) m=-1 lockedm=-1
  G17: status=6() m=1 lockedm=1
  G2: status=4(force gc (idle)) m=-1 lockedm=-1
  G18: status=4(GC sweep wait) m=-1 lockedm=-1
  G34: status=4(finalizer wait) m=-1 lockedm=-1
  G36: status=4(timer goroutine (idle)) m=-1 lockedm=-1
  G3: status=3() m=4 lockedm=-1
  G19: status=4(IO wait) m=-1 lockedm=-1
  G22: status=4(select) m=-1 lockedm=-1
  G23: status=4(chan receive) m=-1 lockedm=-1
  G24: status=4(select) m=-1 lockedm=-1
  G25: status=3() m=3 lockedm=-1
  G6: status=6() m=-1 lockedm=-1
  G7: status=6() m=-1 lockedm=-1
SCHED 17091ms: gomaxprocs=4 idleprocs=4 threads=10 spinningthreads=0 idlethreads=4 runqueue=0 gcwaiting=0 nmidlelocked=0 stopwait=0 sysmonwait=0
  P0: status=0 schedtick=14 syscalltick=62 m=-1 runqsize=0 gfreecnt=2
  P1: status=0 schedtick=18 syscalltick=35 m=-1 runqsize=0 gfreecnt=0
  P2: status=0 schedtick=18 syscalltick=14 m=-1 runqsize=0 gfreecnt=0
  P3: status=0 schedtick=3 syscalltick=38 m=-1 runqsize=0 gfreecnt=0
  M9: p=-1 curg=-1 mallocing=0 throwing=0 preemptoff= locks=0 dying=0 spinning=false blocked=true lockedg=-1
  M8: p=-1 curg=-1 mallocing=0 throwing=0 preemptoff= locks=0 dying=0 spinning=false blocked=true lockedg=-1
  M7: p=-1 curg=-1 mallocing=0 throwing=0 preemptoff= locks=0 dying=0 spinning=false blocked=true lockedg=-1
  M6: p=-1 curg=-1 mallocing=0 throwing=0 preemptoff= locks=0 dying=0 spinning=false blocked=true lockedg=-1
  M5: p=-1 curg=-1 mallocing=0 throwing=0 preemptoff= locks=0 dying=0 spinning=false blocked=false lockedg=-1
  M4: p=-1 curg=3 mallocing=0 throwing=0 preemptoff= locks=0 dying=0 spinning=false blocked=true lockedg=-1
  M3: p=-1 curg=25 mallocing=0 throwing=0 preemptoff= locks=0 dying=0 spinning=false blocked=true lockedg=-1
  M2: p=-1 curg=-1 mallocing=0 throwing=0 preemptoff= locks=1 dying=0 spinning=false blocked=false lockedg=-1
  M1: p=-1 curg=17 mallocing=0 throwing=0 preemptoff= locks=0 dying=0 spinning=false blocked=false lockedg=17
  M0: p=-1 curg=-1 mallocing=0 throwing=0 preemptoff= locks=0 dying=0 spinning=false blocked=true lockedg=-1
  G1: status=4(sleep) m=-1 lockedm=-1
  G17: status=6() m=1 lockedm=1
  G2: status=4(force gc (idle)) m=-1 lockedm=-1
  G18: status=4(GC sweep wait) m=-1 lockedm=-1
  G34: status=4(finalizer wait) m=-1 lockedm=-1
  G36: status=4(timer goroutine (idle)) m=-1 lockedm=-1
  G3: status=3() m=4 lockedm=-1
  G19: status=4(IO wait) m=-1 lockedm=-1
  G22: status=4(select) m=-1 lockedm=-1
  G23: status=4(chan receive) m=-1 lockedm=-1
  G24: status=4(select) m=-1 lockedm=-1
  G25: status=3() m=3 lockedm=-1
  G6: status=6() m=-1 lockedm=-1
  G7: status=6() m=-1 lockedm=-1
SCHED 18100ms: gomaxprocs=4 idleprocs=4 threads=10 spinningthreads=0 idlethreads=4 runqueue=0 gcwaiting=0 nmidlelocked=0 stopwait=0 sysmonwait=0
  P0: status=0 schedtick=14 syscalltick=62 m=-1 runqsize=0 gfreecnt=2
  P1: status=0 schedtick=18 syscalltick=35 m=-1 runqsize=0 gfreecnt=0
  P2: status=0 schedtick=18 syscalltick=14 m=-1 runqsize=0 gfreecnt=0
  P3: status=0 schedtick=3 syscalltick=42 m=-1 runqsize=0 gfreecnt=0
  M9: p=-1 curg=-1 mallocing=0 throwing=0 preemptoff= locks=0 dying=0 spinning=false blocked=true lockedg=-1
  M8: p=-1 curg=-1 mallocing=0 throwing=0 preemptoff= locks=0 dying=0 spinning=false blocked=true lockedg=-1
  M7: p=-1 curg=-1 mallocing=0 throwing=0 preemptoff= locks=0 dying=0 spinning=false blocked=true lockedg=-1
  M6: p=-1 curg=-1 mallocing=0 throwing=0 preemptoff= locks=0 dying=0 spinning=false blocked=true lockedg=-1
  M5: p=-1 curg=-1 mallocing=0 throwing=0 preemptoff= locks=0 dying=0 spinning=false blocked=false lockedg=-1
  M4: p=-1 curg=3 mallocing=0 throwing=0 preemptoff= locks=0 dying=0 spinning=false blocked=true lockedg=-1
  M3: p=-1 curg=25 mallocing=0 throwing=0 preemptoff= locks=0 dying=0 spinning=false blocked=true lockedg=-1
  M2: p=-1 curg=-1 mallocing=0 throwing=0 preemptoff= locks=1 dying=0 spinning=false blocked=false lockedg=-1
  M1: p=-1 curg=17 mallocing=0 throwing=0 preemptoff= locks=0 dying=0 spinning=false blocked=false lockedg=17
  M0: p=-1 curg=-1 mallocing=0 throwing=0 preemptoff= locks=0 dying=0 spinning=false blocked=true lockedg=-1
  G1: status=4(sleep) m=-1 lockedm=-1
  G17: status=6() m=1 lockedm=1
  G2: status=4(force gc (idle)) m=-1 lockedm=-1
  G18: status=4(GC sweep wait) m=-1 lockedm=-1
  G34: status=4(finalizer wait) m=-1 lockedm=-1
  G36: status=4(timer goroutine (idle)) m=-1 lockedm=-1
  G3: status=3() m=4 lockedm=-1
  G19: status=4(IO wait) m=-1 lockedm=-1
  G22: status=4(select) m=-1 lockedm=-1
  G23: status=4(chan receive) m=-1 lockedm=-1
  G24: status=4(select) m=-1 lockedm=-1
  G25: status=3() m=3 lockedm=-1
  G6: status=6() m=-1 lockedm=-1
  G7: status=6() m=-1 lockedm=-1
SCHED 19100ms: gomaxprocs=4 idleprocs=4 threads=10 spinningthreads=0 idlethreads=4 runqueue=0 gcwaiting=0 nmidlelocked=0 stopwait=0 sysmonwait=0
  P0: status=0 schedtick=14 syscalltick=62 m=-1 runqsize=0 gfreecnt=2
  P1: status=0 schedtick=18 syscalltick=35 m=-1 runqsize=0 gfreecnt=0
  P2: status=0 schedtick=18 syscalltick=14 m=-1 runqsize=0 gfreecnt=0
  P3: status=0 schedtick=3 syscalltick=46 m=-1 runqsize=0 gfreecnt=0
  M9: p=-1 curg=-1 mallocing=0 throwing=0 preemptoff= locks=0 dying=0 spinning=false blocked=true lockedg=-1
  M8: p=-1 curg=-1 mallocing=0 throwing=0 preemptoff= locks=0 dying=0 spinning=false blocked=true lockedg=-1
  M7: p=-1 curg=-1 mallocing=0 throwing=0 preemptoff= locks=0 dying=0 spinning=false blocked=true lockedg=-1
  M6: p=-1 curg=-1 mallocing=0 throwing=0 preemptoff= locks=0 dying=0 spinning=false blocked=true lockedg=-1
  M5: p=-1 curg=-1 mallocing=0 throwing=0 preemptoff= locks=0 dying=0 spinning=false blocked=false lockedg=-1
  M4: p=-1 curg=3 mallocing=0 throwing=0 preemptoff= locks=0 dying=0 spinning=false blocked=true lockedg=-1
  M3: p=-1 curg=25 mallocing=0 throwing=0 preemptoff= locks=0 dying=0 spinning=false blocked=true lockedg=-1
  M2: p=-1 curg=-1 mallocing=0 throwing=0 preemptoff= locks=1 dying=0 spinning=false blocked=false lockedg=-1
  M1: p=-1 curg=17 mallocing=0 throwing=0 preemptoff= locks=0 dying=0 spinning=false blocked=false lockedg=17
  M0: p=-1 curg=-1 mallocing=0 throwing=0 preemptoff= locks=0 dying=0 spinning=false blocked=true lockedg=-1
  G1: status=4(sleep) m=-1 lockedm=-1
  G17: status=6() m=1 lockedm=1
  G2: status=4(force gc (idle)) m=-1 lockedm=-1
  G18: status=4(GC sweep wait) m=-1 lockedm=-1
  G34: status=4(finalizer wait) m=-1 lockedm=-1
  G36: status=4(timer goroutine (idle)) m=-1 lockedm=-1
  G3: status=3() m=4 lockedm=-1
  G19: status=4(IO wait) m=-1 lockedm=-1
  G22: status=4(select) m=-1 lockedm=-1
  G23: status=4(chan receive) m=-1 lockedm=-1
  G24: status=4(select) m=-1 lockedm=-1
  G25: status=3() m=3 lockedm=-1
  G6: status=6() m=-1 lockedm=-1
  G7: status=6() m=-1 lockedm=-1
SCHED 20101ms: gomaxprocs=4 idleprocs=4 threads=10 spinningthreads=0 idlethreads=4 runqueue=0 gcwaiting=0 nmidlelocked=0 stopwait=0 sysmonwait=0
  P0: status=0 schedtick=14 syscalltick=65 m=-1 runqsize=0 gfreecnt=2
  P1: status=0 schedtick=18 syscalltick=35 m=-1 runqsize=0 gfreecnt=0
  P2: status=0 schedtick=20 syscalltick=19 m=-1 runqsize=0 gfreecnt=0
  P3: status=0 schedtick=3 syscalltick=50 m=-1 runqsize=0 gfreecnt=0
  M9: p=-1 curg=-1 mallocing=0 throwing=0 preemptoff= locks=0 dying=0 spinning=false blocked=false lockedg=-1
  M8: p=-1 curg=-1 mallocing=0 throwing=0 preemptoff= locks=0 dying=0 spinning=false blocked=true lockedg=-1
  M7: p=-1 curg=-1 mallocing=0 throwing=0 preemptoff= locks=0 dying=0 spinning=false blocked=true lockedg=-1
  M6: p=-1 curg=-1 mallocing=0 throwing=0 preemptoff= locks=0 dying=0 spinning=false blocked=true lockedg=-1
  M5: p=-1 curg=-1 mallocing=0 throwing=0 preemptoff= locks=0 dying=0 spinning=false blocked=true lockedg=-1
  M4: p=-1 curg=3 mallocing=0 throwing=0 preemptoff= locks=0 dying=0 spinning=false blocked=true lockedg=-1
  M3: p=-1 curg=25 mallocing=0 throwing=0 preemptoff= locks=0 dying=0 spinning=false blocked=true lockedg=-1
  M2: p=-1 curg=-1 mallocing=0 throwing=0 preemptoff= locks=1 dying=0 spinning=false blocked=false lockedg=-1
  M1: p=-1 curg=17 mallocing=0 throwing=0 preemptoff= locks=0 dying=0 spinning=false blocked=false lockedg=17
  M0: p=-1 curg=-1 mallocing=0 throwing=0 preemptoff= locks=0 dying=0 spinning=false blocked=true lockedg=-1
  G1: status=4(sleep) m=-1 lockedm=-1
  G17: status=6() m=1 lockedm=1
  G2: status=4(force gc (idle)) m=-1 lockedm=-1
  G18: status=4(GC sweep wait) m=-1 lockedm=-1
  G34: status=4(finalizer wait) m=-1 lockedm=-1
  G36: status=4(timer goroutine (idle)) m=-1 lockedm=-1
  G3: status=3() m=4 lockedm=-1
  G19: status=4(IO wait) m=-1 lockedm=-1
  G22: status=4(select) m=-1 lockedm=-1
  G23: status=4(chan receive) m=-1 lockedm=-1
  G24: status=4(select) m=-1 lockedm=-1
  G25: status=3() m=3 lockedm=-1
  G6: status=6() m=-1 lockedm=-1
  G7: status=6() m=-1 lockedm=-1
SCHED 21102ms: gomaxprocs=4 idleprocs=4 threads=10 spinningthreads=0 idlethreads=4 runqueue=0 gcwaiting=0 nmidlelocked=0 stopwait=0 sysmonwait=0
  P0: status=0 schedtick=14 syscalltick=65 m=-1 runqsize=0 gfreecnt=2
  P1: status=0 schedtick=18 syscalltick=35 m=-1 runqsize=0 gfreecnt=0
  P2: status=0 schedtick=20 syscalltick=23 m=-1 runqsize=0 gfreecnt=0
  P3: status=0 schedtick=3 syscalltick=50 m=-1 runqsize=0 gfreecnt=0
  M9: p=-1 curg=-1 mallocing=0 throwing=0 preemptoff= locks=0 dying=0 spinning=false blocked=false lockedg=-1
  M8: p=-1 curg=-1 mallocing=0 throwing=0 preemptoff= locks=0 dying=0 spinning=false blocked=true lockedg=-1
  M7: p=-1 curg=-1 mallocing=0 throwing=0 preemptoff= locks=0 dying=0 spinning=false blocked=true lockedg=-1
  M6: p=-1 curg=-1 mallocing=0 throwing=0 preemptoff= locks=0 dying=0 spinning=false blocked=true lockedg=-1
  M5: p=-1 curg=-1 mallocing=0 throwing=0 preemptoff= locks=0 dying=0 spinning=false blocked=true lockedg=-1
  M4: p=-1 curg=3 mallocing=0 throwing=0 preemptoff= locks=0 dying=0 spinning=false blocked=true lockedg=-1
  M3: p=-1 curg=25 mallocing=0 throwing=0 preemptoff= locks=0 dying=0 spinning=false blocked=true lockedg=-1
  M2: p=-1 curg=-1 mallocing=0 throwing=0 preemptoff= locks=1 dying=0 spinning=false blocked=false lockedg=-1
  M1: p=-1 curg=17 mallocing=0 throwing=0 preemptoff= locks=0 dying=0 spinning=false blocked=false lockedg=17
  M0: p=-1 curg=-1 mallocing=0 throwing=0 preemptoff= locks=0 dying=0 spinning=false blocked=true lockedg=-1
  G1: status=4(sleep) m=-1 lockedm=-1
  G17: status=6() m=1 lockedm=1
  G2: status=4(force gc (idle)) m=-1 lockedm=-1
  G18: status=4(GC sweep wait) m=-1 lockedm=-1
  G34: status=4(finalizer wait) m=-1 lockedm=-1
  G36: status=4(timer goroutine (idle)) m=-1 lockedm=-1
  G3: status=3() m=4 lockedm=-1
  G19: status=4(IO wait) m=-1 lockedm=-1
  G22: status=4(select) m=-1 lockedm=-1
  G23: status=4(chan receive) m=-1 lockedm=-1
  G24: status=4(select) m=-1 lockedm=-1
  G25: status=3() m=3 lockedm=-1
  G6: status=6() m=-1 lockedm=-1
  G7: status=6() m=-1 lockedm=-1
SCHED 22102ms: gomaxprocs=4 idleprocs=4 threads=10 spinningthreads=0 idlethreads=4 runqueue=0 gcwaiting=0 nmidlelocked=0 stopwait=0 sysmonwait=0
  P0: status=0 schedtick=14 syscalltick=65 m=-1 runqsize=0 gfreecnt=2
  P1: status=0 schedtick=18 syscalltick=35 m=-1 runqsize=0 gfreecnt=0
  P2: status=0 schedtick=20 syscalltick=27 m=-1 runqsize=0 gfreecnt=0
  P3: status=0 schedtick=3 syscalltick=50 m=-1 runqsize=0 gfreecnt=0
  M9: p=-1 curg=-1 mallocing=0 throwing=0 preemptoff= locks=0 dying=0 spinning=false blocked=false lockedg=-1
  M8: p=-1 curg=-1 mallocing=0 throwing=0 preemptoff= locks=0 dying=0 spinning=false blocked=true lockedg=-1
  M7: p=-1 curg=-1 mallocing=0 throwing=0 preemptoff= locks=0 dying=0 spinning=false blocked=true lockedg=-1
  M6: p=-1 curg=-1 mallocing=0 throwing=0 preemptoff= locks=0 dying=0 spinning=false blocked=true lockedg=-1
  M5: p=-1 curg=-1 mallocing=0 throwing=0 preemptoff= locks=0 dying=0 spinning=false blocked=true lockedg=-1
  M4: p=-1 curg=3 mallocing=0 throwing=0 preemptoff= locks=0 dying=0 spinning=false blocked=true lockedg=-1
  M3: p=-1 curg=25 mallocing=0 throwing=0 preemptoff= locks=0 dying=0 spinning=false blocked=true lockedg=-1
  M2: p=-1 curg=-1 mallocing=0 throwing=0 preemptoff= locks=1 dying=0 spinning=false blocked=false lockedg=-1
  M1: p=-1 curg=17 mallocing=0 throwing=0 preemptoff= locks=0 dying=0 spinning=false blocked=false lockedg=17
  M0: p=-1 curg=-1 mallocing=0 throwing=0 preemptoff= locks=0 dying=0 spinning=false blocked=true lockedg=-1
  G1: status=4(sleep) m=-1 lockedm=-1
  G17: status=6() m=1 lockedm=1
  G2: status=4(force gc (idle)) m=-1 lockedm=-1
  G18: status=4(GC sweep wait) m=-1 lockedm=-1
  G34: status=4(finalizer wait) m=-1 lockedm=-1
  G36: status=4(timer goroutine (idle)) m=-1 lockedm=-1
  G3: status=3() m=4 lockedm=-1
  G19: status=4(IO wait) m=-1 lockedm=-1
  G22: status=4(select) m=-1 lockedm=-1
  G23: status=4(chan receive) m=-1 lockedm=-1
  G24: status=4(select) m=-1 lockedm=-1
  G25: status=3() m=3 lockedm=-1
  G6: status=6() m=-1 lockedm=-1
  G7: status=6() m=-1 lockedm=-1
SCHED 23105ms: gomaxprocs=4 idleprocs=4 threads=10 spinningthreads=0 idlethreads=4 runqueue=0 gcwaiting=0 nmidlelocked=0 stopwait=0 sysmonwait=0
  P0: status=0 schedtick=14 syscalltick=65 m=-1 runqsize=0 gfreecnt=2
  P1: status=0 schedtick=18 syscalltick=35 m=-1 runqsize=0 gfreecnt=0
  P2: status=0 schedtick=20 syscalltick=31 m=-1 runqsize=0 gfreecnt=0
  P3: status=0 schedtick=3 syscalltick=50 m=-1 runqsize=0 gfreecnt=0
  M9: p=-1 curg=-1 mallocing=0 throwing=0 preemptoff= locks=0 dying=0 spinning=false blocked=false lockedg=-1
  M8: p=-1 curg=-1 mallocing=0 throwing=0 preemptoff= locks=0 dying=0 spinning=false blocked=true lockedg=-1
  M7: p=-1 curg=-1 mallocing=0 throwing=0 preemptoff= locks=0 dying=0 spinning=false blocked=true lockedg=-1
  M6: p=-1 curg=-1 mallocing=0 throwing=0 preemptoff= locks=0 dying=0 spinning=false blocked=true lockedg=-1
  M5: p=-1 curg=-1 mallocing=0 throwing=0 preemptoff= locks=0 dying=0 spinning=false blocked=true lockedg=-1
  M4: p=-1 curg=3 mallocing=0 throwing=0 preemptoff= locks=0 dying=0 spinning=false blocked=true lockedg=-1
  M3: p=-1 curg=25 mallocing=0 throwing=0 preemptoff= locks=0 dying=0 spinning=false blocked=true lockedg=-1
  M2: p=-1 curg=-1 mallocing=0 throwing=0 preemptoff= locks=1 dying=0 spinning=false blocked=false lockedg=-1
  M1: p=-1 curg=17 mallocing=0 throwing=0 preemptoff= locks=0 dying=0 spinning=false blocked=false lockedg=17
  M0: p=-1 curg=-1 mallocing=0 throwing=0 preemptoff= locks=0 dying=0 spinning=false blocked=true lockedg=-1
  G1: status=4(sleep) m=-1 lockedm=-1
  G17: status=6() m=1 lockedm=1
  G2: status=4(force gc (idle)) m=-1 lockedm=-1
  G18: status=4(GC sweep wait) m=-1 lockedm=-1
  G34: status=4(finalizer wait) m=-1 lockedm=-1
  G36: status=4(timer goroutine (idle)) m=-1 lockedm=-1
  G3: status=3() m=4 lockedm=-1
  G19: status=4(IO wait) m=-1 lockedm=-1
  G22: status=4(select) m=-1 lockedm=-1
  G23: status=4(chan receive) m=-1 lockedm=-1
  G24: status=4(select) m=-1 lockedm=-1
  G25: status=3() m=3 lockedm=-1
  G6: status=6() m=-1 lockedm=-1
  G7: status=6() m=-1 lockedm=-1
SCHED 24111ms: gomaxprocs=4 idleprocs=4 threads=10 spinningthreads=0 idlethreads=4 runqueue=0 gcwaiting=0 nmidlelocked=0 stopwait=0 sysmonwait=0
  P0: status=0 schedtick=14 syscalltick=65 m=-1 runqsize=0 gfreecnt=2
  P1: status=0 schedtick=18 syscalltick=35 m=-1 runqsize=0 gfreecnt=0
  P2: status=0 schedtick=20 syscalltick=35 m=-1 runqsize=0 gfreecnt=0
  P3: status=0 schedtick=3 syscalltick=50 m=-1 runqsize=0 gfreecnt=0
  M9: p=-1 curg=-1 mallocing=0 throwing=0 preemptoff= locks=0 dying=0 spinning=false blocked=false lockedg=-1
  M8: p=-1 curg=-1 mallocing=0 throwing=0 preemptoff= locks=0 dying=0 spinning=false blocked=true lockedg=-1
  M7: p=-1 curg=-1 mallocing=0 throwing=0 preemptoff= locks=0 dying=0 spinning=false blocked=true lockedg=-1
  M6: p=-1 curg=-1 mallocing=0 throwing=0 preemptoff= locks=0 dying=0 spinning=false blocked=true lockedg=-1
  M5: p=-1 curg=-1 mallocing=0 throwing=0 preemptoff= locks=0 dying=0 spinning=false blocked=true lockedg=-1
  M4: p=-1 curg=3 mallocing=0 throwing=0 preemptoff= locks=0 dying=0 spinning=false blocked=true lockedg=-1
  M3: p=-1 curg=25 mallocing=0 throwing=0 preemptoff= locks=0 dying=0 spinning=false blocked=true lockedg=-1
  M2: p=-1 curg=-1 mallocing=0 throwing=0 preemptoff= locks=1 dying=0 spinning=false blocked=false lockedg=-1
  M1: p=-1 curg=17 mallocing=0 throwing=0 preemptoff= locks=0 dying=0 spinning=false blocked=false lockedg=17
  M0: p=-1 curg=-1 mallocing=0 throwing=0 preemptoff= locks=0 dying=0 spinning=false blocked=true lockedg=-1
  G1: status=4(sleep) m=-1 lockedm=-1
  G17: status=6() m=1 lockedm=1
  G2: status=4(force gc (idle)) m=-1 lockedm=-1
  G18: status=4(GC sweep wait) m=-1 lockedm=-1
  G34: status=4(finalizer wait) m=-1 lockedm=-1
  G36: status=4(timer goroutine (idle)) m=-1 lockedm=-1
  G3: status=3() m=4 lockedm=-1
  G19: status=4(IO wait) m=-1 lockedm=-1
  G22: status=4(select) m=-1 lockedm=-1
  G23: status=4(chan receive) m=-1 lockedm=-1
  G24: status=4(select) m=-1 lockedm=-1
  G25: status=3() m=3 lockedm=-1
  G6: status=6() m=-1 lockedm=-1
  G7: status=6() m=-1 lockedm=-1
SCHED 25115ms: gomaxprocs=4 idleprocs=4 threads=10 spinningthreads=0 idlethreads=4 runqueue=0 gcwaiting=0 nmidlelocked=0 stopwait=0 sysmonwait=0
  P0: status=0 schedtick=14 syscalltick=65 m=-1 runqsize=0 gfreecnt=2
  P1: status=0 schedtick=18 syscalltick=35 m=-1 runqsize=0 gfreecnt=0
  P2: status=0 schedtick=20 syscalltick=39 m=-1 runqsize=0 gfreecnt=0
  P3: status=0 schedtick=3 syscalltick=50 m=-1 runqsize=0 gfreecnt=0
  M9: p=-1 curg=-1 mallocing=0 throwing=0 preemptoff= locks=0 dying=0 spinning=false blocked=false lockedg=-1
  M8: p=-1 curg=-1 mallocing=0 throwing=0 preemptoff= locks=0 dying=0 spinning=false blocked=true lockedg=-1
  M7: p=-1 curg=-1 mallocing=0 throwing=0 preemptoff= locks=0 dying=0 spinning=false blocked=true lockedg=-1
  M6: p=-1 curg=-1 mallocing=0 throwing=0 preemptoff= locks=0 dying=0 spinning=false blocked=true lockedg=-1
  M5: p=-1 curg=-1 mallocing=0 throwing=0 preemptoff= locks=0 dying=0 spinning=false blocked=true lockedg=-1
  M4: p=-1 curg=3 mallocing=0 throwing=0 preemptoff= locks=0 dying=0 spinning=false blocked=true lockedg=-1
  M3: p=-1 curg=25 mallocing=0 throwing=0 preemptoff= locks=0 dying=0 spinning=false blocked=true lockedg=-1
  M2: p=-1 curg=-1 mallocing=0 throwing=0 preemptoff= locks=1 dying=0 spinning=false blocked=false lockedg=-1
  M1: p=-1 curg=17 mallocing=0 throwing=0 preemptoff= locks=0 dying=0 spinning=false blocked=false lockedg=17
  M0: p=-1 curg=-1 mallocing=0 throwing=0 preemptoff= locks=0 dying=0 spinning=false blocked=true lockedg=-1
  G1: status=4(sleep) m=-1 lockedm=-1
  G17: status=6() m=1 lockedm=1
  G2: status=4(force gc (idle)) m=-1 lockedm=-1
  G18: status=4(GC sweep wait) m=-1 lockedm=-1
  G34: status=4(finalizer wait) m=-1 lockedm=-1
  G36: status=4(timer goroutine (idle)) m=-1 lockedm=-1
  G3: status=3() m=4 lockedm=-1
  G19: status=4(IO wait) m=-1 lockedm=-1
  G22: status=4(select) m=-1 lockedm=-1
  G23: status=4(chan receive) m=-1 lockedm=-1
  G24: status=4(select) m=-1 lockedm=-1
  G25: status=3() m=3 lockedm=-1
  G6: status=6() m=-1 lockedm=-1
  G7: status=6() m=-1 lockedm=-1
SCHED 26116ms: gomaxprocs=4 idleprocs=4 threads=10 spinningthreads=0 idlethreads=4 runqueue=0 gcwaiting=0 nmidlelocked=0 stopwait=0 sysmonwait=0
  P0: status=0 schedtick=14 syscalltick=65 m=-1 runqsize=0 gfreecnt=2
  P1: status=0 schedtick=18 syscalltick=35 m=-1 runqsize=0 gfreecnt=0
  P2: status=0 schedtick=20 syscalltick=43 m=-1 runqsize=0 gfreecnt=0
  P3: status=0 schedtick=3 syscalltick=50 m=-1 runqsize=0 gfreecnt=0
  M9: p=-1 curg=-1 mallocing=0 throwing=0 preemptoff= locks=0 dying=0 spinning=false blocked=false lockedg=-1
  M8: p=-1 curg=-1 mallocing=0 throwing=0 preemptoff= locks=0 dying=0 spinning=false blocked=true lockedg=-1
  M7: p=-1 curg=-1 mallocing=0 throwing=0 preemptoff= locks=0 dying=0 spinning=false blocked=true lockedg=-1
  M6: p=-1 curg=-1 mallocing=0 throwing=0 preemptoff= locks=0 dying=0 spinning=false blocked=true lockedg=-1
  M5: p=-1 curg=-1 mallocing=0 throwing=0 preemptoff= locks=0 dying=0 spinning=false blocked=true lockedg=-1
  M4: p=-1 curg=3 mallocing=0 throwing=0 preemptoff= locks=0 dying=0 spinning=false blocked=true lockedg=-1
  M3: p=-1 curg=25 mallocing=0 throwing=0 preemptoff= locks=0 dying=0 spinning=false blocked=true lockedg=-1
  M2: p=-1 curg=-1 mallocing=0 throwing=0 preemptoff= locks=1 dying=0 spinning=false blocked=false lockedg=-1
  M1: p=-1 curg=17 mallocing=0 throwing=0 preemptoff= locks=0 dying=0 spinning=false blocked=false lockedg=17
  M0: p=-1 curg=-1 mallocing=0 throwing=0 preemptoff= locks=0 dying=0 spinning=false blocked=true lockedg=-1
  G1: status=4(sleep) m=-1 lockedm=-1
  G17: status=6() m=1 lockedm=1
  G2: status=4(force gc (idle)) m=-1 lockedm=-1
  G18: status=4(GC sweep wait) m=-1 lockedm=-1
  G34: status=4(finalizer wait) m=-1 lockedm=-1
  G36: status=4(timer goroutine (idle)) m=-1 lockedm=-1
  G3: status=3() m=4 lockedm=-1
  G19: status=4(IO wait) m=-1 lockedm=-1
  G22: status=4(select) m=-1 lockedm=-1
  G23: status=4(chan receive) m=-1 lockedm=-1
  G24: status=4(select) m=-1 lockedm=-1
  G25: status=3() m=3 lockedm=-1
  G6: status=6() m=-1 lockedm=-1
  G7: status=6() m=-1 lockedm=-1
SCHED 27118ms: gomaxprocs=4 idleprocs=4 threads=10 spinningthreads=0 idlethreads=4 runqueue=0 gcwaiting=0 nmidlelocked=0 stopwait=0 sysmonwait=0
  P0: status=0 schedtick=14 syscalltick=65 m=-1 runqsize=0 gfreecnt=2
  P1: status=0 schedtick=18 syscalltick=35 m=-1 runqsize=0 gfreecnt=0
  P2: status=0 schedtick=20 syscalltick=47 m=-1 runqsize=0 gfreecnt=0
  P3: status=0 schedtick=3 syscalltick=50 m=-1 runqsize=0 gfreecnt=0
  M9: p=-1 curg=-1 mallocing=0 throwing=0 preemptoff= locks=0 dying=0 spinning=false blocked=false lockedg=-1
  M8: p=-1 curg=-1 mallocing=0 throwing=0 preemptoff= locks=0 dying=0 spinning=false blocked=true lockedg=-1
  M7: p=-1 curg=-1 mallocing=0 throwing=0 preemptoff= locks=0 dying=0 spinning=false blocked=true lockedg=-1
  M6: p=-1 curg=-1 mallocing=0 throwing=0 preemptoff= locks=0 dying=0 spinning=false blocked=true lockedg=-1
  M5: p=-1 curg=-1 mallocing=0 throwing=0 preemptoff= locks=0 dying=0 spinning=false blocked=true lockedg=-1
  M4: p=-1 curg=3 mallocing=0 throwing=0 preemptoff= locks=0 dying=0 spinning=false blocked=true lockedg=-1
  M3: p=-1 curg=25 mallocing=0 throwing=0 preemptoff= locks=0 dying=0 spinning=false blocked=true lockedg=-1
  M2: p=-1 curg=-1 mallocing=0 throwing=0 preemptoff= locks=1 dying=0 spinning=false blocked=false lockedg=-1
  M1: p=-1 curg=17 mallocing=0 throwing=0 preemptoff= locks=0 dying=0 spinning=false blocked=false lockedg=17
  M0: p=-1 curg=-1 mallocing=0 throwing=0 preemptoff= locks=0 dying=0 spinning=false blocked=true lockedg=-1
  G1: status=4(sleep) m=-1 lockedm=-1
  G17: status=6() m=1 lockedm=1
  G2: status=4(force gc (idle)) m=-1 lockedm=-1
  G18: status=4(GC sweep wait) m=-1 lockedm=-1
  G34: status=4(finalizer wait) m=-1 lockedm=-1
  G36: status=4(timer goroutine (idle)) m=-1 lockedm=-1
  G3: status=3() m=4 lockedm=-1
  G19: status=4(IO wait) m=-1 lockedm=-1
  G22: status=4(select) m=-1 lockedm=-1
  G23: status=4(chan receive) m=-1 lockedm=-1
  G24: status=4(select) m=-1 lockedm=-1
  G25: status=3() m=3 lockedm=-1
  G6: status=6() m=-1 lockedm=-1
  G7: status=6() m=-1 lockedm=-1
